Arguments: 
  /usr/bin/node /usr/bin/yarn global bin

PATH: 
  /home/sammccord/Documents/pythonScripts:/home/sammccord/.zpwr/scripts/save-run:/home/sammccord/.local/bin:/home/sammccord/perl5/bin:/home/sammccord/.zpwr/scripts:/opt/X11/bin:/usr/local/bin:/usr/local/sbin:/usr/bin:/usr/sbin:/bin:/sbin:/home/sammccord/.cargo/bin:/home/sammccord/.local/bin:/usr/local/sbin:/usr/local/bin:/usr/bin:/usr/lib/jvm/default/bin:/usr/bin/site_perl:/usr/bin/vendor_perl:/usr/bin/core_perl:/var/lib/snapd/snap/bin:/home/sammccord/go/bin:/usr/games

Yarn version: 
  1.22.19

Node version: 
  19.0.0

Platform: 
  linux x64

Trace: 
  Error: Failed to replace env in config: ${EKONOMIA_NPM_TOKEN}
      at /usr/lib/node_modules/yarn/lib/cli.js:94933:13
      at String.replace (<anonymous>)
      at envReplace (/usr/lib/node_modules/yarn/lib/cli.js:94928:16)
      at Function.normalizeConfig (/usr/lib/node_modules/yarn/lib/cli.js:31938:69)
      at NpmRegistry.<anonymous> (/usr/lib/node_modules/yarn/lib/cli.js:31968:34)
      at Generator.next (<anonymous>)
      at step (/usr/lib/node_modules/yarn/lib/cli.js:310:30)
      at /usr/lib/node_modules/yarn/lib/cli.js:321:13

npm manifest: 
  {
    "private": true,
    "name": "web3-solid",
    "engines": {
      "node": "^14 || ^16"
    },
    "scripts": {
      "bootstrap": "pnpm install",
      "clean": "turbo run clean",
      "lint": "turbo run lint",
      "test": "jest",
      "build": "turbo run build",
      "prestart": "turbo run build",
      "start": "turbo run start",
      "prepack": "npm run build"
    },
    "devDependencies": {
      "@coinbase/wallet-sdk": "^3.3.0",
      "@testing-library/react-hooks": "^8.0.0",
      "@tsconfig/recommended": "^1.0.1",
      "@types/jest": "^27.4.1",
      "@types/node": "^17.0.24",
      "@typescript-eslint/eslint-plugin": "^5.19.0",
      "@typescript-eslint/parser": "^5.19.0",
      "@walletconnect/ethereum-provider": "^1.7.8",
      "eslint": "^8.13.0",
      "eslint-plugin-tsdoc": "^0.2.16",
      "eth-provider": "^0.9.4",
      "jest": "^27.5.1",
      "prettier": "2.6.2",
      "ts-jest": "^27.1.4",
      "typescript": "^4.6.3"
    }
  }

yarn manifest: 
  No manifest

Lockfile: 
  No lockfile
